{"/Users/santiagorivera/Desktop/Drexel/Coding_Projects/animeflip/babel.config.js": {"path":"/Users/santiagorivera/Desktop/Drexel/Coding_Projects/animeflip/babel.config.js","statementMap":{"0":{"start":{"line":1,"column":0},"end":{"line":12,"column":4}}},"fnMap":{},"branchMap":{},"s":{"0":0},"f":{},"b":{}}
,"/Users/santiagorivera/Desktop/Drexel/Coding_Projects/animeflip/Test/public/animeFlip.js": {"path":"/Users/santiagorivera/Desktop/Drexel/Coding_Projects/animeflip/Test/public/animeFlip.js","statementMap":{},"fnMap":{},"branchMap":{},"s":{},"f":{},"b":{}}
,"/Users/santiagorivera/Desktop/Drexel/Coding_Projects/animeflip/src/api/cache.js": {"path":"/Users/santiagorivera/Desktop/Drexel/Coding_Projects/animeflip/src/api/cache.js","statementMap":{"0":{"start":{"line":2,"column":11},"end":{"line":2,"column":33}},"1":{"start":{"line":3,"column":19},"end":{"line":3,"column":37}},"2":{"start":{"line":4,"column":19},"end":{"line":4,"column":24}},"3":{"start":{"line":11,"column":2},"end":{"line":22,"column":3}},"4":{"start":{"line":12,"column":17},"end":{"line":12,"column":42}},"5":{"start":{"line":13,"column":16},"end":{"line":13,"column":50}},"6":{"start":{"line":16,"column":4},"end":{"line":19,"column":5}},"7":{"start":{"line":17,"column":18},"end":{"line":17,"column":55}},"8":{"start":{"line":18,"column":6},"end":{"line":18,"column":29}},"9":{"start":{"line":24,"column":2},"end":{"line":24,"column":14}},"10":{"start":{"line":33,"column":15},"end":{"line":36,"column":3}},"11":{"start":{"line":38,"column":2},"end":{"line":38,"column":63}},"12":{"start":{"line":41,"column":0},"end":{"line":41,"column":55}}},"fnMap":{"0":{"name":"readCache","decl":{"start":{"line":10,"column":15},"end":{"line":10,"column":24}},"loc":{"start":{"line":10,"column":27},"end":{"line":25,"column":1}},"line":10},"1":{"name":"writeCache","decl":{"start":{"line":31,"column":15},"end":{"line":31,"column":25}},"loc":{"start":{"line":31,"column":40},"end":{"line":39,"column":1}},"line":31}},"branchMap":{"0":{"loc":{"start":{"line":16,"column":4},"end":{"line":19,"column":5}},"type":"if","locations":[{"start":{"line":16,"column":4},"end":{"line":19,"column":5}},{"start":{},"end":{}}],"line":16}},"s":{"0":1,"1":1,"2":1,"3":5,"4":5,"5":4,"6":4,"7":3,"8":2,"9":4,"10":0,"11":0,"12":1},"f":{"0":5,"1":0},"b":{"0":[3,1]},"_coverageSchema":"1a1c01bbd47fc00a2c39e90264f33305004495a9","hash":"21b6b428e588cf485f9e9b130254fcff36c42c23"}
,"/Users/santiagorivera/Desktop/Drexel/Coding_Projects/animeflip/src/api/daily.js": {"path":"/Users/santiagorivera/Desktop/Drexel/Coding_Projects/animeflip/src/api/daily.js","statementMap":{"0":{"start":{"line":2,"column":34},"end":{"line":2,"column":55}},"1":{"start":{"line":3,"column":23},"end":{"line":3,"column":49}},"2":{"start":{"line":4,"column":32},"end":{"line":4,"column":67}},"3":{"start":{"line":5,"column":27},"end":{"line":5,"column":54}},"4":{"start":{"line":13,"column":2},"end":{"line":13,"column":23}},"5":{"start":{"line":15,"column":2},"end":{"line":18,"column":3}},"6":{"start":{"line":16,"column":4},"end":{"line":16,"column":26}},"7":{"start":{"line":17,"column":4},"end":{"line":17,"column":11}},"8":{"start":{"line":20,"column":2},"end":{"line":41,"column":3}},"9":{"start":{"line":21,"column":16},"end":{"line":21,"column":45}},"10":{"start":{"line":22,"column":18},"end":{"line":22,"column":35}},"11":{"start":{"line":26,"column":4},"end":{"line":31,"column":5}},"12":{"start":{"line":27,"column":6},"end":{"line":27,"column":40}},"13":{"start":{"line":30,"column":6},"end":{"line":30,"column":49}},"14":{"start":{"line":34,"column":17},"end":{"line":34,"column":89}},"15":{"start":{"line":35,"column":17},"end":{"line":35,"column":47}},"16":{"start":{"line":36,"column":4},"end":{"line":36,"column":61}},"17":{"start":{"line":39,"column":4},"end":{"line":39,"column":44}},"18":{"start":{"line":40,"column":4},"end":{"line":40,"column":49}},"19":{"start":{"line":44,"column":0},"end":{"line":44,"column":25}}},"fnMap":{"0":{"name":"handler","decl":{"start":{"line":12,"column":15},"end":{"line":12,"column":22}},"loc":{"start":{"line":12,"column":33},"end":{"line":42,"column":1}},"line":12}},"branchMap":{"0":{"loc":{"start":{"line":15,"column":2},"end":{"line":18,"column":3}},"type":"if","locations":[{"start":{"line":15,"column":2},"end":{"line":18,"column":3}},{"start":{},"end":{}}],"line":15},"1":{"loc":{"start":{"line":26,"column":4},"end":{"line":31,"column":5}},"type":"if","locations":[{"start":{"line":26,"column":4},"end":{"line":31,"column":5}},{"start":{"line":29,"column":9},"end":{"line":31,"column":5}}],"line":26},"2":{"loc":{"start":{"line":26,"column":8},"end":{"line":26,"column":53}},"type":"binary-expr","locations":[{"start":{"line":26,"column":8},"end":{"line":26,"column":13}},{"start":{"line":26,"column":18},"end":{"line":26,"column":52}}],"line":26}},"s":{"0":0,"1":0,"2":0,"3":0,"4":0,"5":0,"6":0,"7":0,"8":0,"9":0,"10":0,"11":0,"12":0,"13":0,"14":0,"15":0,"16":0,"17":0,"18":0,"19":0},"f":{"0":0},"b":{"0":[0,0],"1":[0,0],"2":[0,0]}}
,"/Users/santiagorivera/Desktop/Drexel/Coding_Projects/animeflip/src/api/generateTop500Anime.js": {"path":"/Users/santiagorivera/Desktop/Drexel/Coding_Projects/animeflip/src/api/generateTop500Anime.js","statementMap":{"0":{"start":{"line":2,"column":14},"end":{"line":2,"column":30}},"1":{"start":{"line":3,"column":23},"end":{"line":3,"column":44}},"2":{"start":{"line":10,"column":21},"end":{"line":18,"column":6}},"3":{"start":{"line":20,"column":4},"end":{"line":20,"column":63}},"4":{"start":{"line":20,"column":51},"end":{"line":20,"column":61}},"5":{"start":{"line":21,"column":4},"end":{"line":21,"column":35}},"6":{"start":{"line":22,"column":4},"end":{"line":22,"column":24}},"7":{"start":{"line":25,"column":0},"end":{"line":25,"column":41}}},"fnMap":{"0":{"name":"generateTop500Anime","decl":{"start":{"line":9,"column":15},"end":{"line":9,"column":34}},"loc":{"start":{"line":9,"column":37},"end":{"line":23,"column":1}},"line":9},"1":{"name":"(anonymous_1)","decl":{"start":{"line":20,"column":42},"end":{"line":20,"column":43}},"loc":{"start":{"line":20,"column":51},"end":{"line":20,"column":61}},"line":20}},"branchMap":{},"s":{"0":0,"1":0,"2":0,"3":0,"4":0,"5":0,"6":0,"7":0},"f":{"0":0,"1":0},"b":{}}
,"/Users/santiagorivera/Desktop/Drexel/Coding_Projects/animeflip/src/api/handleCORS.js": {"path":"/Users/santiagorivera/Desktop/Drexel/Coding_Projects/animeflip/src/api/handleCORS.js","statementMap":{"0":{"start":{"line":7,"column":27},"end":{"line":10,"column":5}},"1":{"start":{"line":12,"column":19},"end":{"line":12,"column":37}},"2":{"start":{"line":13,"column":4},"end":{"line":17,"column":5}},"3":{"start":{"line":14,"column":8},"end":{"line":14,"column":61}},"4":{"start":{"line":15,"column":8},"end":{"line":15,"column":69}},"5":{"start":{"line":16,"column":8},"end":{"line":16,"column":40}},"6":{"start":{"line":20,"column":0},"end":{"line":20,"column":32}}},"fnMap":{"0":{"name":"handleCORS","decl":{"start":{"line":6,"column":9},"end":{"line":6,"column":19}},"loc":{"start":{"line":6,"column":30},"end":{"line":18,"column":1}},"line":6}},"branchMap":{"0":{"loc":{"start":{"line":13,"column":4},"end":{"line":17,"column":5}},"type":"if","locations":[{"start":{"line":13,"column":4},"end":{"line":17,"column":5}},{"start":{},"end":{}}],"line":13}},"s":{"0":0,"1":0,"2":0,"3":0,"4":0,"5":0,"6":0},"f":{"0":0},"b":{"0":[0,0]}}
,"/Users/santiagorivera/Desktop/Drexel/Coding_Projects/animeflip/src/api/randomAnime.js": {"path":"/Users/santiagorivera/Desktop/Drexel/Coding_Projects/animeflip/src/api/randomAnime.js","statementMap":{"0":{"start":{"line":7,"column":14},"end":{"line":7,"column":20}},"1":{"start":{"line":7,"column":26},"end":{"line":7,"column":30}},"2":{"start":{"line":7,"column":36},"end":{"line":7,"column":41}},"3":{"start":{"line":8,"column":19},"end":{"line":8,"column":23}},"4":{"start":{"line":9,"column":4},"end":{"line":12,"column":5}},"5":{"start":{"line":10,"column":8},"end":{"line":10,"column":42}},"6":{"start":{"line":11,"column":8},"end":{"line":11,"column":27}},"7":{"start":{"line":22,"column":15},"end":{"line":22,"column":24}},"8":{"start":{"line":24,"column":2},"end":{"line":27,"column":3}},"9":{"start":{"line":24,"column":15},"end":{"line":24,"column":16}},"10":{"start":{"line":25,"column":14},"end":{"line":25,"column":64}},"11":{"start":{"line":26,"column":4},"end":{"line":26,"column":76}},"12":{"start":{"line":29,"column":2},"end":{"line":29,"column":33}},"13":{"start":{"line":32,"column":0},"end":{"line":32,"column":41}}},"fnMap":{"0":{"name":"lcg","decl":{"start":{"line":6,"column":9},"end":{"line":6,"column":12}},"loc":{"start":{"line":6,"column":19},"end":{"line":13,"column":1}},"line":6},"1":{"name":"(anonymous_1)","decl":{"start":{"line":9,"column":11},"end":{"line":9,"column":12}},"loc":{"start":{"line":9,"column":22},"end":{"line":12,"column":5}},"line":9},"2":{"name":"getRandomAnime","decl":{"start":{"line":21,"column":9},"end":{"line":21,"column":23}},"loc":{"start":{"line":21,"column":44},"end":{"line":30,"column":1}},"line":21}},"branchMap":{},"s":{"0":0,"1":0,"2":0,"3":0,"4":0,"5":0,"6":0,"7":0,"8":0,"9":0,"10":0,"11":0,"12":0,"13":0},"f":{"0":0,"1":0,"2":0},"b":{}}
,"/Users/santiagorivera/Desktop/Drexel/Coding_Projects/animeflip/src/api/seasonalAnime.js": {"path":"/Users/santiagorivera/Desktop/Drexel/Coding_Projects/animeflip/src/api/seasonalAnime.js","statementMap":{"0":{"start":{"line":2,"column":14},"end":{"line":2,"column":30}},"1":{"start":{"line":3,"column":23},"end":{"line":3,"column":49}},"2":{"start":{"line":10,"column":21},"end":{"line":17,"column":6}},"3":{"start":{"line":18,"column":26},"end":{"line":18,"column":69}},"4":{"start":{"line":18,"column":58},"end":{"line":18,"column":68}},"5":{"start":{"line":19,"column":4},"end":{"line":19,"column":25}},"6":{"start":{"line":28,"column":2},"end":{"line":28,"column":23}},"7":{"start":{"line":30,"column":2},"end":{"line":33,"column":3}},"8":{"start":{"line":31,"column":4},"end":{"line":31,"column":26}},"9":{"start":{"line":32,"column":4},"end":{"line":32,"column":11}},"10":{"start":{"line":35,"column":2},"end":{"line":42,"column":3}},"11":{"start":{"line":36,"column":24},"end":{"line":36,"column":45}},"12":{"start":{"line":37,"column":4},"end":{"line":37,"column":38}},"13":{"start":{"line":40,"column":4},"end":{"line":40,"column":52}},"14":{"start":{"line":41,"column":4},"end":{"line":41,"column":49}},"15":{"start":{"line":45,"column":0},"end":{"line":45,"column":25}}},"fnMap":{"0":{"name":"seasonalAnime","decl":{"start":{"line":9,"column":15},"end":{"line":9,"column":28}},"loc":{"start":{"line":9,"column":31},"end":{"line":20,"column":1}},"line":9},"1":{"name":"(anonymous_1)","decl":{"start":{"line":18,"column":49},"end":{"line":18,"column":50}},"loc":{"start":{"line":18,"column":58},"end":{"line":18,"column":68}},"line":18},"2":{"name":"handler","decl":{"start":{"line":27,"column":15},"end":{"line":27,"column":22}},"loc":{"start":{"line":27,"column":33},"end":{"line":43,"column":1}},"line":27}},"branchMap":{"0":{"loc":{"start":{"line":30,"column":2},"end":{"line":33,"column":3}},"type":"if","locations":[{"start":{"line":30,"column":2},"end":{"line":33,"column":3}},{"start":{},"end":{}}],"line":30}},"s":{"0":0,"1":0,"2":0,"3":0,"4":0,"5":0,"6":0,"7":0,"8":0,"9":0,"10":0,"11":0,"12":0,"13":0,"14":0,"15":0},"f":{"0":0,"1":0,"2":0},"b":{"0":[0,0]}}
,"/Users/santiagorivera/Desktop/Drexel/Coding_Projects/animeflip/src/api/top500.js": {"path":"/Users/santiagorivera/Desktop/Drexel/Coding_Projects/animeflip/src/api/top500.js","statementMap":{"0":{"start":{"line":2,"column":34},"end":{"line":2,"column":55}},"1":{"start":{"line":3,"column":23},"end":{"line":3,"column":49}},"2":{"start":{"line":4,"column":32},"end":{"line":4,"column":67}},"3":{"start":{"line":12,"column":2},"end":{"line":12,"column":23}},"4":{"start":{"line":14,"column":2},"end":{"line":17,"column":3}},"5":{"start":{"line":15,"column":4},"end":{"line":15,"column":26}},"6":{"start":{"line":16,"column":4},"end":{"line":16,"column":11}},"7":{"start":{"line":19,"column":2},"end":{"line":37,"column":3}},"8":{"start":{"line":20,"column":16},"end":{"line":20,"column":45}},"9":{"start":{"line":21,"column":18},"end":{"line":21,"column":35}},"10":{"start":{"line":25,"column":4},"end":{"line":30,"column":5}},"11":{"start":{"line":26,"column":6},"end":{"line":26,"column":40}},"12":{"start":{"line":29,"column":6},"end":{"line":29,"column":49}},"13":{"start":{"line":32,"column":4},"end":{"line":32,"column":39}},"14":{"start":{"line":35,"column":4},"end":{"line":35,"column":45}},"15":{"start":{"line":36,"column":4},"end":{"line":36,"column":49}},"16":{"start":{"line":40,"column":0},"end":{"line":40,"column":25}}},"fnMap":{"0":{"name":"handler","decl":{"start":{"line":11,"column":15},"end":{"line":11,"column":22}},"loc":{"start":{"line":11,"column":33},"end":{"line":38,"column":1}},"line":11}},"branchMap":{"0":{"loc":{"start":{"line":14,"column":2},"end":{"line":17,"column":3}},"type":"if","locations":[{"start":{"line":14,"column":2},"end":{"line":17,"column":3}},{"start":{},"end":{}}],"line":14},"1":{"loc":{"start":{"line":25,"column":4},"end":{"line":30,"column":5}},"type":"if","locations":[{"start":{"line":25,"column":4},"end":{"line":30,"column":5}},{"start":{"line":28,"column":9},"end":{"line":30,"column":5}}],"line":25},"2":{"loc":{"start":{"line":25,"column":8},"end":{"line":25,"column":53}},"type":"binary-expr","locations":[{"start":{"line":25,"column":8},"end":{"line":25,"column":13}},{"start":{"line":25,"column":18},"end":{"line":25,"column":52}}],"line":25}},"s":{"0":0,"1":0,"2":0,"3":0,"4":0,"5":0,"6":0,"7":0,"8":0,"9":0,"10":0,"11":0,"12":0,"13":0,"14":0,"15":0,"16":0},"f":{"0":0},"b":{"0":[0,0],"1":[0,0],"2":[0,0]}}
,"/Users/santiagorivera/Desktop/Drexel/Coding_Projects/animeflip/src/public/animeFlip.js": {"path":"/Users/santiagorivera/Desktop/Drexel/Coding_Projects/animeflip/src/public/animeFlip.js","statementMap":{"0":{"start":{"line":1,"column":0},"end":{"line":155,"column":3}},"1":{"start":{"line":3,"column":4},"end":{"line":23,"column":5}},"2":{"start":{"line":4,"column":23},"end":{"line":4,"column":77}},"3":{"start":{"line":5,"column":27},"end":{"line":5,"column":48}},"4":{"start":{"line":6,"column":23},"end":{"line":6,"column":60}},"5":{"start":{"line":9,"column":25},"end":{"line":9,"column":63}},"6":{"start":{"line":9,"column":51},"end":{"line":9,"column":62}},"7":{"start":{"line":10,"column":23},"end":{"line":10,"column":93}},"8":{"start":{"line":10,"column":49},"end":{"line":10,"column":76}},"9":{"start":{"line":11,"column":26},"end":{"line":11,"column":53}},"10":{"start":{"line":12,"column":25},"end":{"line":12,"column":50}},"11":{"start":{"line":13,"column":26},"end":{"line":13,"column":43}},"12":{"start":{"line":14,"column":6},"end":{"line":14,"column":30}},"13":{"start":{"line":15,"column":6},"end":{"line":19,"column":9}},"14":{"start":{"line":16,"column":23},"end":{"line":16,"column":55}},"15":{"start":{"line":17,"column":8},"end":{"line":17,"column":28}},"16":{"start":{"line":18,"column":8},"end":{"line":18,"column":37}},"17":{"start":{"line":20,"column":6},"end":{"line":20,"column":103}},"18":{"start":{"line":22,"column":6},"end":{"line":22,"column":61}},"19":{"start":{"line":27,"column":2},"end":{"line":27,"column":26}},"20":{"start":{"line":29,"column":19},"end":{"line":29,"column":72}},"21":{"start":{"line":30,"column":21},"end":{"line":30,"column":42}},"22":{"start":{"line":31,"column":17},"end":{"line":31,"column":68}},"23":{"start":{"line":31,"column":41},"end":{"line":31,"column":67}},"24":{"start":{"line":33,"column":16},"end":{"line":33,"column":50}},"25":{"start":{"line":34,"column":16},"end":{"line":34,"column":48}},"26":{"start":{"line":35,"column":23},"end":{"line":35,"column":63}},"27":{"start":{"line":36,"column":22},"end":{"line":36,"column":60}},"28":{"start":{"line":37,"column":20},"end":{"line":37,"column":59}},"29":{"start":{"line":38,"column":19},"end":{"line":38,"column":54}},"30":{"start":{"line":40,"column":20},"end":{"line":40,"column":24}},"31":{"start":{"line":41,"column":21},"end":{"line":41,"column":23}},"32":{"start":{"line":44,"column":2},"end":{"line":75,"column":5}},"33":{"start":{"line":45,"column":19},"end":{"line":45,"column":48}},"34":{"start":{"line":46,"column":4},"end":{"line":46,"column":37}},"35":{"start":{"line":47,"column":4},"end":{"line":47,"column":61}},"36":{"start":{"line":48,"column":4},"end":{"line":48,"column":29}},"37":{"start":{"line":50,"column":4},"end":{"line":74,"column":7}},"38":{"start":{"line":52,"column":6},"end":{"line":52,"column":54}},"39":{"start":{"line":52,"column":47},"end":{"line":52,"column":54}},"40":{"start":{"line":55,"column":18},"end":{"line":55,"column":60}},"41":{"start":{"line":56,"column":17},"end":{"line":56,"column":39}},"42":{"start":{"line":57,"column":18},"end":{"line":57,"column":36}},"43":{"start":{"line":58,"column":6},"end":{"line":58,"column":98}},"44":{"start":{"line":58,"column":76},"end":{"line":58,"column":96}},"45":{"start":{"line":60,"column":6},"end":{"line":60,"column":25}},"46":{"start":{"line":61,"column":23},"end":{"line":61,"column":58}},"47":{"start":{"line":64,"column":6},"end":{"line":64,"column":51}},"48":{"start":{"line":65,"column":6},"end":{"line":65,"column":59}},"49":{"start":{"line":68,"column":6},"end":{"line":68,"column":29}},"50":{"start":{"line":69,"column":6},"end":{"line":69,"column":32}},"51":{"start":{"line":72,"column":6},"end":{"line":72,"column":39}},"52":{"start":{"line":73,"column":6},"end":{"line":73,"column":26}},"53":{"start":{"line":79,"column":18},"end":{"line":79,"column":56}},"54":{"start":{"line":80,"column":4},"end":{"line":84,"column":5}},"55":{"start":{"line":81,"column":6},"end":{"line":81,"column":60}},"56":{"start":{"line":82,"column":6},"end":{"line":82,"column":37}},"57":{"start":{"line":83,"column":6},"end":{"line":83,"column":13}},"58":{"start":{"line":86,"column":4},"end":{"line":119,"column":5}},"59":{"start":{"line":87,"column":6},"end":{"line":87,"column":40}},"60":{"start":{"line":88,"column":6},"end":{"line":88,"column":37}},"61":{"start":{"line":89,"column":6},"end":{"line":89,"column":44}},"62":{"start":{"line":90,"column":6},"end":{"line":90,"column":43}},"63":{"start":{"line":92,"column":6},"end":{"line":97,"column":14}},"64":{"start":{"line":93,"column":8},"end":{"line":93,"column":49}},"65":{"start":{"line":94,"column":8},"end":{"line":96,"column":17}},"66":{"start":{"line":95,"column":10},"end":{"line":95,"column":54}},"67":{"start":{"line":100,"column":28},"end":{"line":100,"column":71}},"68":{"start":{"line":101,"column":6},"end":{"line":111,"column":7}},"69":{"start":{"line":103,"column":8},"end":{"line":110,"column":16}},"70":{"start":{"line":105,"column":10},"end":{"line":109,"column":13}},"71":{"start":{"line":106,"column":12},"end":{"line":108,"column":28}},"72":{"start":{"line":107,"column":14},"end":{"line":107,"column":41}},"73":{"start":{"line":113,"column":6},"end":{"line":115,"column":15}},"74":{"start":{"line":114,"column":8},"end":{"line":114,"column":38}},"75":{"start":{"line":117,"column":6},"end":{"line":117,"column":49}},"76":{"start":{"line":118,"column":6},"end":{"line":118,"column":35}},"77":{"start":{"line":123,"column":2},"end":{"line":123,"column":51}},"78":{"start":{"line":126,"column":2},"end":{"line":133,"column":5}},"79":{"start":{"line":127,"column":4},"end":{"line":132,"column":5}},"80":{"start":{"line":129,"column":6},"end":{"line":129,"column":29}},"81":{"start":{"line":131,"column":6},"end":{"line":131,"column":20}},"82":{"start":{"line":136,"column":20},"end":{"line":136,"column":58}},"83":{"start":{"line":138,"column":2},"end":{"line":140,"column":5}},"84":{"start":{"line":139,"column":4},"end":{"line":139,"column":34}},"85":{"start":{"line":143,"column":2},"end":{"line":147,"column":5}},"86":{"start":{"line":144,"column":4},"end":{"line":146,"column":5}},"87":{"start":{"line":145,"column":6},"end":{"line":145,"column":36}},"88":{"start":{"line":149,"column":2},"end":{"line":154,"column":5}},"89":{"start":{"line":151,"column":4},"end":{"line":153,"column":5}},"90":{"start":{"line":152,"column":8},"end":{"line":152,"column":38}}},"fnMap":{"0":{"name":"(anonymous_0)","decl":{"start":{"line":1,"column":46},"end":{"line":1,"column":47}},"loc":{"start":{"line":1,"column":58},"end":{"line":155,"column":1}},"line":1},"1":{"name":"populateAnimeDatalist","decl":{"start":{"line":2,"column":17},"end":{"line":2,"column":38}},"loc":{"start":{"line":2,"column":41},"end":{"line":24,"column":3}},"line":2},"2":{"name":"(anonymous_2)","decl":{"start":{"line":9,"column":42},"end":{"line":9,"column":43}},"loc":{"start":{"line":9,"column":51},"end":{"line":9,"column":62}},"line":9},"3":{"name":"(anonymous_3)","decl":{"start":{"line":10,"column":40},"end":{"line":10,"column":41}},"loc":{"start":{"line":10,"column":49},"end":{"line":10,"column":76}},"line":10},"4":{"name":"(anonymous_4)","decl":{"start":{"line":15,"column":26},"end":{"line":15,"column":27}},"loc":{"start":{"line":15,"column":34},"end":{"line":19,"column":7}},"line":15},"5":{"name":"(anonymous_5)","decl":{"start":{"line":31,"column":32},"end":{"line":31,"column":33}},"loc":{"start":{"line":31,"column":41},"end":{"line":31,"column":67}},"line":31},"6":{"name":"(anonymous_6)","decl":{"start":{"line":44,"column":16},"end":{"line":44,"column":17}},"loc":{"start":{"line":44,"column":33},"end":{"line":75,"column":3}},"line":44},"7":{"name":"(anonymous_7)","decl":{"start":{"line":50,"column":35},"end":{"line":50,"column":36}},"loc":{"start":{"line":50,"column":41},"end":{"line":74,"column":5}},"line":50},"8":{"name":"(anonymous_8)","decl":{"start":{"line":58,"column":66},"end":{"line":58,"column":67}},"loc":{"start":{"line":58,"column":76},"end":{"line":58,"column":96}},"line":58},"9":{"name":"handleGuess","decl":{"start":{"line":78,"column":11},"end":{"line":78,"column":22}},"loc":{"start":{"line":78,"column":25},"end":{"line":120,"column":3}},"line":78},"10":{"name":"(anonymous_10)","decl":{"start":{"line":92,"column":17},"end":{"line":92,"column":18}},"loc":{"start":{"line":92,"column":23},"end":{"line":97,"column":7}},"line":92},"11":{"name":"(anonymous_11)","decl":{"start":{"line":94,"column":19},"end":{"line":94,"column":20}},"loc":{"start":{"line":94,"column":25},"end":{"line":96,"column":9}},"line":94},"12":{"name":"(anonymous_12)","decl":{"start":{"line":103,"column":19},"end":{"line":103,"column":20}},"loc":{"start":{"line":103,"column":25},"end":{"line":110,"column":9}},"line":103},"13":{"name":"(anonymous_13)","decl":{"start":{"line":105,"column":24},"end":{"line":105,"column":25}},"loc":{"start":{"line":105,"column":41},"end":{"line":109,"column":11}},"line":105},"14":{"name":"(anonymous_14)","decl":{"start":{"line":106,"column":23},"end":{"line":106,"column":24}},"loc":{"start":{"line":106,"column":29},"end":{"line":108,"column":13}},"line":106},"15":{"name":"(anonymous_15)","decl":{"start":{"line":113,"column":17},"end":{"line":113,"column":18}},"loc":{"start":{"line":113,"column":23},"end":{"line":115,"column":7}},"line":113},"16":{"name":"(anonymous_16)","decl":{"start":{"line":126,"column":42},"end":{"line":126,"column":43}},"loc":{"start":{"line":126,"column":53},"end":{"line":133,"column":3}},"line":126},"17":{"name":"(anonymous_17)","decl":{"start":{"line":138,"column":38},"end":{"line":138,"column":39}},"loc":{"start":{"line":138,"column":44},"end":{"line":140,"column":3}},"line":138},"18":{"name":"(anonymous_18)","decl":{"start":{"line":143,"column":39},"end":{"line":143,"column":40}},"loc":{"start":{"line":143,"column":46},"end":{"line":147,"column":3}},"line":143},"19":{"name":"(anonymous_19)","decl":{"start":{"line":149,"column":34},"end":{"line":149,"column":35}},"loc":{"start":{"line":149,"column":45},"end":{"line":154,"column":3}},"line":149}},"branchMap":{"0":{"loc":{"start":{"line":52,"column":6},"end":{"line":52,"column":54}},"type":"if","locations":[{"start":{"line":52,"column":6},"end":{"line":52,"column":54}},{"start":{},"end":{}}],"line":52},"1":{"loc":{"start":{"line":55,"column":18},"end":{"line":55,"column":60}},"type":"binary-expr","locations":[{"start":{"line":55,"column":18},"end":{"line":55,"column":54}},{"start":{"line":55,"column":58},"end":{"line":55,"column":60}}],"line":55},"2":{"loc":{"start":{"line":56,"column":17},"end":{"line":56,"column":39}},"type":"cond-expr","locations":[{"start":{"line":56,"column":26},"end":{"line":56,"column":34}},{"start":{"line":56,"column":37},"end":{"line":56,"column":39}}],"line":56},"3":{"loc":{"start":{"line":57,"column":18},"end":{"line":57,"column":36}},"type":"binary-expr","locations":[{"start":{"line":57,"column":18},"end":{"line":57,"column":30}},{"start":{"line":57,"column":34},"end":{"line":57,"column":36}}],"line":57},"4":{"loc":{"start":{"line":80,"column":4},"end":{"line":84,"column":5}},"type":"if","locations":[{"start":{"line":80,"column":4},"end":{"line":84,"column":5}},{"start":{},"end":{}}],"line":80},"5":{"loc":{"start":{"line":86,"column":4},"end":{"line":119,"column":5}},"type":"if","locations":[{"start":{"line":86,"column":4},"end":{"line":119,"column":5}},{"start":{"line":116,"column":11},"end":{"line":119,"column":5}}],"line":86},"6":{"loc":{"start":{"line":101,"column":6},"end":{"line":111,"column":7}},"type":"if","locations":[{"start":{"line":101,"column":6},"end":{"line":111,"column":7}},{"start":{},"end":{}}],"line":101},"7":{"loc":{"start":{"line":127,"column":4},"end":{"line":132,"column":5}},"type":"if","locations":[{"start":{"line":127,"column":4},"end":{"line":132,"column":5}},{"start":{},"end":{}}],"line":127},"8":{"loc":{"start":{"line":144,"column":4},"end":{"line":146,"column":5}},"type":"if","locations":[{"start":{"line":144,"column":4},"end":{"line":146,"column":5}},{"start":{},"end":{}}],"line":144},"9":{"loc":{"start":{"line":144,"column":8},"end":{"line":144,"column":65}},"type":"binary-expr","locations":[{"start":{"line":144,"column":8},"end":{"line":144,"column":26}},{"start":{"line":144,"column":30},"end":{"line":144,"column":65}}],"line":144},"10":{"loc":{"start":{"line":151,"column":4},"end":{"line":153,"column":5}},"type":"if","locations":[{"start":{"line":151,"column":4},"end":{"line":153,"column":5}},{"start":{},"end":{}}],"line":151}},"s":{"0":0,"1":0,"2":0,"3":0,"4":0,"5":0,"6":0,"7":0,"8":0,"9":0,"10":0,"11":0,"12":0,"13":0,"14":0,"15":0,"16":0,"17":0,"18":0,"19":0,"20":0,"21":0,"22":0,"23":0,"24":0,"25":0,"26":0,"27":0,"28":0,"29":0,"30":0,"31":0,"32":0,"33":0,"34":0,"35":0,"36":0,"37":0,"38":0,"39":0,"40":0,"41":0,"42":0,"43":0,"44":0,"45":0,"46":0,"47":0,"48":0,"49":0,"50":0,"51":0,"52":0,"53":0,"54":0,"55":0,"56":0,"57":0,"58":0,"59":0,"60":0,"61":0,"62":0,"63":0,"64":0,"65":0,"66":0,"67":0,"68":0,"69":0,"70":0,"71":0,"72":0,"73":0,"74":0,"75":0,"76":0,"77":0,"78":0,"79":0,"80":0,"81":0,"82":0,"83":0,"84":0,"85":0,"86":0,"87":0,"88":0,"89":0,"90":0},"f":{"0":0,"1":0,"2":0,"3":0,"4":0,"5":0,"6":0,"7":0,"8":0,"9":0,"10":0,"11":0,"12":0,"13":0,"14":0,"15":0,"16":0,"17":0,"18":0,"19":0},"b":{"0":[0,0],"1":[0,0],"2":[0,0],"3":[0,0],"4":[0,0],"5":[0,0],"6":[0,0],"7":[0,0],"8":[0,0],"9":[0,0],"10":[0,0]}}
}
