TN:
SF:babel.config.js
FNF:0
FNH:0
DA:1,0
LF:1
LH:0
BRF:0
BRH:0
end_of_record
TN:
SF:Test/public/animeFlip.js
FNF:0
FNH:0
LF:0
LH:0
BRF:0
BRH:0
end_of_record
TN:
SF:src/api/cache.js
FN:10,readCache
FN:31,writeCache
FNF:2
FNH:1
FNDA:5,readCache
FNDA:0,writeCache
DA:2,1
DA:3,1
DA:4,1
DA:11,5
DA:12,5
DA:13,4
DA:16,4
DA:17,3
DA:18,2
DA:24,4
DA:33,0
DA:38,0
DA:41,1
LF:13
LH:11
BRDA:16,0,0,3
BRDA:16,0,1,1
BRF:2
BRH:2
end_of_record
TN:
SF:src/api/daily.js
FN:12,handler
FNF:1
FNH:0
FNDA:0,handler
DA:2,0
DA:3,0
DA:4,0
DA:5,0
DA:13,0
DA:15,0
DA:16,0
DA:17,0
DA:20,0
DA:21,0
DA:22,0
DA:26,0
DA:27,0
DA:30,0
DA:34,0
DA:35,0
DA:36,0
DA:39,0
DA:40,0
DA:44,0
LF:20
LH:0
BRDA:15,0,0,0
BRDA:15,0,1,0
BRDA:26,1,0,0
BRDA:26,1,1,0
BRDA:26,2,0,0
BRDA:26,2,1,0
BRF:6
BRH:0
end_of_record
TN:
SF:src/api/generateTop500Anime.js
FN:9,generateTop500Anime
FN:20,(anonymous_1)
FNF:2
FNH:0
FNDA:0,generateTop500Anime
FNDA:0,(anonymous_1)
DA:2,0
DA:3,0
DA:10,0
DA:20,0
DA:21,0
DA:22,0
DA:25,0
LF:7
LH:0
BRF:0
BRH:0
end_of_record
TN:
SF:src/api/handleCORS.js
FN:6,handleCORS
FNF:1
FNH:0
FNDA:0,handleCORS
DA:7,0
DA:12,0
DA:13,0
DA:14,0
DA:15,0
DA:16,0
DA:20,0
LF:7
LH:0
BRDA:13,0,0,0
BRDA:13,0,1,0
BRF:2
BRH:0
end_of_record
TN:
SF:src/api/randomAnime.js
FN:6,lcg
FN:9,(anonymous_1)
FN:21,getRandomAnime
FNF:3
FNH:0
FNDA:0,lcg
FNDA:0,(anonymous_1)
FNDA:0,getRandomAnime
DA:7,0
DA:8,0
DA:9,0
DA:10,0
DA:11,0
DA:22,0
DA:24,0
DA:25,0
DA:26,0
DA:29,0
DA:32,0
LF:11
LH:0
BRF:0
BRH:0
end_of_record
TN:
SF:src/api/seasonalAnime.js
FN:9,seasonalAnime
FN:18,(anonymous_1)
FN:27,handler
FNF:3
FNH:0
FNDA:0,seasonalAnime
FNDA:0,(anonymous_1)
FNDA:0,handler
DA:2,0
DA:3,0
DA:10,0
DA:18,0
DA:19,0
DA:28,0
DA:30,0
DA:31,0
DA:32,0
DA:35,0
DA:36,0
DA:37,0
DA:40,0
DA:41,0
DA:45,0
LF:15
LH:0
BRDA:30,0,0,0
BRDA:30,0,1,0
BRF:2
BRH:0
end_of_record
TN:
SF:src/api/top500.js
FN:11,handler
FNF:1
FNH:0
FNDA:0,handler
DA:2,0
DA:3,0
DA:4,0
DA:12,0
DA:14,0
DA:15,0
DA:16,0
DA:19,0
DA:20,0
DA:21,0
DA:25,0
DA:26,0
DA:29,0
DA:32,0
DA:35,0
DA:36,0
DA:40,0
LF:17
LH:0
BRDA:14,0,0,0
BRDA:14,0,1,0
BRDA:25,1,0,0
BRDA:25,1,1,0
BRDA:25,2,0,0
BRDA:25,2,1,0
BRF:6
BRH:0
end_of_record
TN:
SF:src/public/animeFlip.js
FN:1,(anonymous_0)
FN:2,populateAnimeDatalist
FN:9,(anonymous_2)
FN:10,(anonymous_3)
FN:15,(anonymous_4)
FN:31,(anonymous_5)
FN:44,(anonymous_6)
FN:50,(anonymous_7)
FN:58,(anonymous_8)
FN:78,handleGuess
FN:92,(anonymous_10)
FN:94,(anonymous_11)
FN:103,(anonymous_12)
FN:105,(anonymous_13)
FN:106,(anonymous_14)
FN:113,(anonymous_15)
FN:126,(anonymous_16)
FN:138,(anonymous_17)
FN:143,(anonymous_18)
FN:149,(anonymous_19)
FNF:20
FNH:0
FNDA:0,(anonymous_0)
FNDA:0,populateAnimeDatalist
FNDA:0,(anonymous_2)
FNDA:0,(anonymous_3)
FNDA:0,(anonymous_4)
FNDA:0,(anonymous_5)
FNDA:0,(anonymous_6)
FNDA:0,(anonymous_7)
FNDA:0,(anonymous_8)
FNDA:0,handleGuess
FNDA:0,(anonymous_10)
FNDA:0,(anonymous_11)
FNDA:0,(anonymous_12)
FNDA:0,(anonymous_13)
FNDA:0,(anonymous_14)
FNDA:0,(anonymous_15)
FNDA:0,(anonymous_16)
FNDA:0,(anonymous_17)
FNDA:0,(anonymous_18)
FNDA:0,(anonymous_19)
DA:1,0
DA:3,0
DA:4,0
DA:5,0
DA:6,0
DA:9,0
DA:10,0
DA:11,0
DA:12,0
DA:13,0
DA:14,0
DA:15,0
DA:16,0
DA:17,0
DA:18,0
DA:20,0
DA:22,0
DA:27,0
DA:29,0
DA:30,0
DA:31,0
DA:33,0
DA:34,0
DA:35,0
DA:36,0
DA:37,0
DA:38,0
DA:40,0
DA:41,0
DA:44,0
DA:45,0
DA:46,0
DA:47,0
DA:48,0
DA:50,0
DA:52,0
DA:55,0
DA:56,0
DA:57,0
DA:58,0
DA:60,0
DA:61,0
DA:64,0
DA:65,0
DA:68,0
DA:69,0
DA:72,0
DA:73,0
DA:79,0
DA:80,0
DA:81,0
DA:82,0
DA:83,0
DA:86,0
DA:87,0
DA:88,0
DA:89,0
DA:90,0
DA:92,0
DA:93,0
DA:94,0
DA:95,0
DA:100,0
DA:101,0
DA:103,0
DA:105,0
DA:106,0
DA:107,0
DA:113,0
DA:114,0
DA:117,0
DA:118,0
DA:123,0
DA:126,0
DA:127,0
DA:129,0
DA:131,0
DA:136,0
DA:138,0
DA:139,0
DA:143,0
DA:144,0
DA:145,0
DA:149,0
DA:151,0
DA:152,0
LF:86
LH:0
BRDA:52,0,0,0
BRDA:52,0,1,0
BRDA:55,1,0,0
BRDA:55,1,1,0
BRDA:56,2,0,0
BRDA:56,2,1,0
BRDA:57,3,0,0
BRDA:57,3,1,0
BRDA:80,4,0,0
BRDA:80,4,1,0
BRDA:86,5,0,0
BRDA:86,5,1,0
BRDA:101,6,0,0
BRDA:101,6,1,0
BRDA:127,7,0,0
BRDA:127,7,1,0
BRDA:144,8,0,0
BRDA:144,8,1,0
BRDA:144,9,0,0
BRDA:144,9,1,0
BRDA:151,10,0,0
BRDA:151,10,1,0
BRF:22
BRH:0
end_of_record
